# JRE version: Java(TM) SE Runtime Environment (8.0_60-b27) (build 1.8.0_60-b27)
# Java VM: Java HotSpot(TM) 64-Bit Server VM (25.60-b23 mixed mode bsd-amd64 compressed oops)
Heap:
 PSYoungGen      total 305664K, used 11738K [0x00000007aab00000, 0x00000007c0000000, 0x00000007c0000000)
  eden space 263680K, 3% used [0x00000007aab00000,0x00000007ab419160,0x00000007bac80000)
  from space 41984K, 5% used [0x00000007bac80000,0x00000007baedda18,0x00000007bd580000)
  to   space 42496K, 0% used [0x00000007bd680000,0x00000007bd680000,0x00000007c0000000)
 ParOldGen       total 699392K, used 638561K [0x0000000780000000, 0x00000007aab00000, 0x00000007aab00000)
  object space 699392K, 91% used [0x0000000780000000,0x00000007a6f987a0,0x00000007aab00000)
 Metaspace       used 80232K, capacity 81262K, committed 81408K, reserved 1116160K
  class space    used 13954K, capacity 14258K, committed 14336K, reserved 1048576K
GC Heap History (10 events):
Event: 1514.463 GC heap before
{Heap before GC invocations=110 (full 1):
 PSYoungGen      total 310784K, used 281792K [0x00000007aab00000, 0x00000007c0000000, 0x00000007c0000000)
  eden space 272384K, 100% used [0x00000007aab00000,0x00000007bb500000,0x00000007bb500000)
  from space 38400K, 24% used [0x00000007bda80000,0x00000007be3b0010,0x00000007c0000000)
  to   space 38400K, 0% used [0x00000007bb500000,0x00000007bb500000,0x00000007bda80000)
 ParOldGen       total 699392K, used 583787K [0x0000000780000000, 0x00000007aab00000, 0x00000007aab00000)
  object space 699392K, 83% used [0x0000000780000000,0x00000007a3a1afa0,0x00000007aab00000)
 Metaspace       used 80232K, capacity 81262K, committed 81408K, reserved 1116160K
  class space    used 13954K, capacity 14258K, committed 14336K, reserved 1048576K
Event: 1514.467 GC heap after
Heap after GC invocations=110 (full 1):
 PSYoungGen      total 272896K, used 320K [0x00000007aab00000, 0x00000007c0000000, 0x00000007c0000000)
  eden space 272384K, 0% used [0x00000007aab00000,0x00000007aab00000,0x00000007bb500000)
  from space 512K, 62% used [0x00000007bb500000,0x00000007bb550000,0x00000007bb580000)
  to   space 39424K, 0% used [0x00000007bd980000,0x00000007bd980000,0x00000007c0000000)
 ParOldGen       total 699392K, used 583883K [0x0000000780000000, 0x00000007aab00000, 0x00000007aab00000)
  object space 699392K, 83% used [0x0000000780000000,0x00000007a3a32fa0,0x00000007aab00000)
 Metaspace       used 80232K, capacity 81262K, committed 81408K, reserved 1116160K
  class space    used 13954K, capacity 14258K, committed 14336K, reserved 1048576K
}
Event: 1516.008 GC heap before
{Heap before GC invocations=111 (full 1):
 PSYoungGen      total 272896K, used 272704K [0x00000007aab00000, 0x00000007c0000000, 0x00000007c0000000)
  eden space 272384K, 100% used [0x00000007aab00000,0x00000007bb500000,0x00000007bb500000)
  from space 512K, 62% used [0x00000007bb500000,0x00000007bb550000,0x00000007bb580000)
  to   space 39424K, 0% used [0x00000007bd980000,0x00000007bd980000,0x00000007c0000000)
 ParOldGen       total 699392K, used 583883K [0x0000000780000000, 0x00000007aab00000, 0x00000007aab00000)
  object space 699392K, 83% used [0x0000000780000000,0x00000007a3a32fa0,0x00000007aab00000)
 Metaspace       used 80232K, capacity 81262K, committed 81408K, reserved 1116160K
  class space    used 13954K, capacity 14258K, committed 14336K, reserved 1048576K
Event: 1516.026 GC heap after
Heap after GC invocations=111 (full 1):
 PSYoungGen      total 308736K, used 24117K [0x00000007aab00000, 0x00000007c0000000, 0x00000007c0000000)
  eden space 269312K, 0% used [0x00000007aab00000,0x00000007aab00000,0x00000007bb200000)
  from space 39424K, 61% used [0x00000007bd980000,0x00000007bf10d7f0,0x00000007c0000000)
  to   space 39936K, 0% used [0x00000007bb200000,0x00000007bb200000,0x00000007bd900000)
 ParOldGen       total 699392K, used 584107K [0x0000000780000000, 0x00000007aab00000, 0x00000007aab00000)
  object space 699392K, 83% used [0x0000000780000000,0x00000007a3a6afa0,0x00000007aab00000)
 Metaspace       used 80232K, capacity 81262K, committed 81408K, reserved 1116160K
  class space    used 13954K, capacity 14258K, committed 14336K, reserved 1048576K
}
Event: 1518.101 GC heap before
{Heap before GC invocations=112 (full 1):
 PSYoungGen      total 308736K, used 293429K [0x00000007aab00000, 0x00000007c0000000, 0x00000007c0000000)
  eden space 269312K, 100% used [0x00000007aab00000,0x00000007bb200000,0x00000007bb200000)
  from space 39424K, 61% used [0x00000007bd980000,0x00000007bf10d7f0,0x00000007c0000000)
  to   space 39936K, 0% used [0x00000007bb200000,0x00000007bb200000,0x00000007bd900000)
 ParOldGen       total 699392K, used 584107K [0x0000000780000000, 0x00000007aab00000, 0x00000007aab00000)
  object space 699392K, 83% used [0x0000000780000000,0x00000007a3a6afa0,0x00000007aab00000)
 Metaspace       used 80232K, capacity 81262K, committed 81408K, reserved 1116160K
  class space    used 13954K, capacity 14258K, committed 14336K, reserved 1048576K
Event: 1518.159 GC heap after
Heap after GC invocations=112 (full 1):
 PSYoungGen      total 303104K, used 33632K [0x00000007aab00000, 0x00000007c0000000, 0x00000007c0000000)
  eden space 269312K, 0% used [0x00000007aab00000,0x00000007aab00000,0x00000007bb200000)
  from space 33792K, 99% used [0x00000007bb200000,0x00000007bd2d8020,0x00000007bd300000)
  to   space 43520K, 0% used [0x00000007bd580000,0x00000007bd580000,0x00000007c0000000)
 ParOldGen       total 699392K, used 608521K [0x0000000780000000, 0x00000007aab00000, 0x00000007aab00000)
  object space 699392K, 87% used [0x0000000780000000,0x00000007a5242790,0x00000007aab00000)
 Metaspace       used 80232K, capacity 81262K, committed 81408K, reserved 1116160K
  class space    used 13954K, capacity 14258K, committed 14336K, reserved 1048576K
}
Event: 1519.973 GC heap before
{Heap before GC invocations=113 (full 1):
 PSYoungGen      total 303104K, used 302944K [0x00000007aab00000, 0x00000007c0000000, 0x00000007c0000000)
  eden space 269312K, 100% used [0x00000007aab00000,0x00000007bb200000,0x00000007bb200000)
  from space 33792K, 99% used [0x00000007bb200000,0x00000007bd2d8020,0x00000007bd300000)
  to   space 43520K, 0% used [0x00000007bd580000,0x00000007bd580000,0x00000007c0000000)
 ParOldGen       total 699392K, used 608521K [0x0000000780000000, 0x00000007aab00000, 0x00000007aab00000)
  object space 699392K, 87% used [0x0000000780000000,0x00000007a5242790,0x00000007aab00000)
 Metaspace       used 80232K, capacity 81262K, committed 81408K, reserved 1116160K
  class space    used 13954K, capacity 14258K, committed 14336K, reserved 1048576K
Event: 1519.991 GC heap after
Heap after GC invocations=113 (full 1):
 PSYoungGen      total 307200K, used 20768K [0x00000007aab00000, 0x00000007c0000000, 0x00000007c0000000)
  eden space 263680K, 0% used [0x00000007aab00000,0x00000007aab00000,0x00000007bac80000)
  from space 43520K, 47% used [0x00000007bd580000,0x00000007be9c8010,0x00000007c0000000)
  to   space 41984K, 0% used [0x00000007bac80000,0x00000007bac80000,0x00000007bd580000)
 ParOldGen       total 699392K, used 619425K [0x0000000780000000, 0x00000007aab00000, 0x00000007aab00000)
  object space 699392K, 88% used [0x0000000780000000,0x00000007a5ce87a0,0x00000007aab00000)
 Metaspace       used 80232K, capacity 81262K, committed 81408K, reserved 1116160K
  class space    used 13954K, capacity 14258K, committed 14336K, reserved 1048576K
}
Event: 1521.184 GC heap before
{Heap before GC invocations=114 (full 1):
 PSYoungGen      total 307200K, used 284448K [0x00000007aab00000, 0x00000007c0000000, 0x00000007c0000000)
  eden space 263680K, 100% used [0x00000007aab00000,0x00000007bac80000,0x00000007bac80000)
  from space 43520K, 47% used [0x00000007bd580000,0x00000007be9c8010,0x00000007c0000000)
  to   space 41984K, 0% used [0x00000007bac80000,0x00000007bac80000,0x00000007bd580000)
 ParOldGen       total 699392K, used 619425K [0x0000000780000000, 0x00000007aab00000, 0x00000007aab00000)
  object space 699392K, 88% used [0x0000000780000000,0x00000007a5ce87a0,0x00000007aab00000)
 Metaspace       used 80232K, capacity 81262K, committed 81408K, reserved 1116160K
  class space    used 13954K, capacity 14258K, committed 14336K, reserved 1048576K
Event: 1521.196 GC heap after
Heap after GC invocations=114 (full 1):
 PSYoungGen      total 305664K, used 2422K [0x00000007aab00000, 0x00000007c0000000, 0x00000007c0000000)
  eden space 263680K, 0% used [0x00000007aab00000,0x00000007aab00000,0x00000007bac80000)
  from space 41984K, 5% used [0x00000007bac80000,0x00000007baedda18,0x00000007bd580000)
  to   space 42496K, 0% used [0x00000007bd680000,0x00000007bd680000,0x00000007c0000000)
 ParOldGen       total 699392K, used 638561K [0x0000000780000000, 0x00000007aab00000, 0x00000007aab00000)
  object space 699392K, 91% used [0x0000000780000000,0x00000007a6f987a0,0x00000007aab00000)
 Metaspace       used 80232K, capacity 81262K, committed 81408K, reserved 1116160K
  class space    used 13954K, capacity 14258K, committed 14336K, reserved 1048576K
}

